<?xml version="1.0" encoding="UTF-8"?>
<!-- Generated by org.testng.reporters.JUnitReportReporter -->
<testsuite hostname="DESKTOP-SMD9FOP" failures="0" tests="4" name="org.ict.test.TestClassMentor" time="68.757" errors="0" timestamp="2024-07-20T17:55:03 IST" skipped="0">
  <testcase classname="org.ict.test.TestClassMentor" name="StudentSubmission" time="16.362"/>
  <testcase classname="org.ict.test.TestClassMentor" name="MentorView" time="18.447"/>
  <testcase classname="org.ict.test.TestClassMentor" name="delete" time="18.584"/>
  <testcase classname="org.ict.test.TestClassMentor" name="referenceMaterial" time="15.364"/>
</testsuite> <!-- org.ict.test.TestClassMentor -->
