<?xml version="1.0" encoding="UTF-8"?>
<!-- Generated by org.testng.reporters.JUnitReportReporter -->
<testsuite hostname="DESKTOP-SMD9FOP" failures="0" tests="4" name="org.ict.test.TestClass" time="75.209" errors="0" timestamp="2024-07-20T17:50:46 IST" skipped="0">
  <testcase classname="org.ict.test.TestClass" name="AdminTest" time="33.565"/>
  <testcase classname="org.ict.test.TestClass" name="delete" time="15.138"/>
  <testcase classname="org.ict.test.TestClass" name="ProjectTest" time="11.741"/>
  <testcase classname="org.ict.test.TestClass" name="deleteTest" time="14.765"/>
</testsuite> <!-- org.ict.test.TestClass -->
